Module for GCCcore, version .10.2.0 loaded
Module for zlib, version .1.2.11 loaded
Module for binutils, version .2.35 loaded
Module for GCC, version 10.2.0 loaded
Module for numactl, version .2.0.13 loaded
Module for XZ, version .5.2.5 loaded
Module for libxml2, version .2.9.10 loaded
Module for libpciaccess, version .0.16 loaded
Module for hwloc, version .2.2.0 loaded
Module for libevent, version .2.1.12 loaded
Module for UCX, version .1.9.0 loaded
Module for libfabric, version .1.11.0 loaded
Module for PMIx, version .3.1.5 loaded
Module for OpenMPI, version 4.0.5 loaded
Module for OpenBLAS, version 0.3.12 loaded
Module for FFTW, version 3.3.8 loaded
Module for ScaLAPACK, version 2.1.0 loaded
Module for bzip2, version .1.0.8 loaded
Module for ncurses, version .6.2 loaded
Module for libreadline, version .8.0 loaded
Module for Tcl, version 8.6.10 loaded
Module for SQLite, version .3.33.0 loaded
Module for GMP, version 6.2.0 loaded
Module for libffi, version .3.3 loaded
Module for Python, version 3.8.6 loaded
Module for pybind11, version .2.6.0 loaded
Module for SciPy-bundle, version 2020.11 loaded
